0 info it worked if it ends with ok
1 verbose cli [ '/usr/local/bin/node', '/usr/local/bin/npm', 'publish' ]
2 info using npm@2.11.3
3 info using node@v0.12.7
4 verbose publish [ '.' ]
5 silly cache add args [ '.', null ]
6 verbose cache add spec .
7 silly cache add parsed spec { raw: '.',
7 silly cache add   scope: null,
7 silly cache add   name: null,
7 silly cache add   rawSpec: '.',
7 silly cache add   spec: '/Users/sebastien/www/node-sensit',
7 silly cache add   type: 'directory' }
8 verbose addLocalDirectory /Users/sebastien/.npm/node-sensit/1.0.0/package.tgz not in flight; packing
9 verbose tar pack [ '/Users/sebastien/.npm/node-sensit/1.0.0/package.tgz',
9 verbose tar pack   '/Users/sebastien/www/node-sensit' ]
10 verbose tarball /Users/sebastien/.npm/node-sensit/1.0.0/package.tgz
11 verbose folder /Users/sebastien/www/node-sensit
12 info prepublish node-sensit@1.0.0
13 verbose addLocalTarball adding from inside cache /Users/sebastien/.npm/node-sensit/1.0.0/package.tgz
14 silly cache afterAdd node-sensit@1.0.0
15 verbose afterAdd /Users/sebastien/.npm/node-sensit/1.0.0/package/package.json not in flight; writing
16 verbose afterAdd /Users/sebastien/.npm/node-sensit/1.0.0/package/package.json written
17 silly publish { name: 'node-sensit',
17 silly publish   version: '1.0.0',
17 silly publish   description: 'Simple Sens\'it API library for node.js',
17 silly publish   main: 'dist/sensit.js',
17 silly publish   scripts: { test: 'echo "Error: no test specified" && exit 1' },
17 silly publish   repository:
17 silly publish    { type: 'git',
17 silly publish      url: 'git+https://github.com/Shakup/node-sensit.git' },
17 silly publish   keywords: [ 'sensit', 'api', 'library' ],
17 silly publish   author:
17 silly publish    { name: 'Sébastien Decamme',
17 silly publish      email: 'sebastien.decamme@gmail.com' },
17 silly publish   license: 'MIT',
17 silly publish   bugs: { url: 'https://github.com/Shakup/node-sensit/issues' },
17 silly publish   homepage: 'https://github.com/Shakup/node-sensit#readme',
17 silly publish   dependencies: { q: '^1.4.1', request: '^2.61.0' },
17 silly publish   readme: '# Node Sens\'it\n> Simple Sens\'it API library for node.js\n\n## Installation\n\nYou can install **node-sensit** using [npm](https://www.npmjs.com/):\n\n```\nnpm install node-sensit\n```\n\n\n## API Documentation\n\n### Include\n\n```\nvar Sensit = require("sensit");\n```\n\n### Instanciate\n\n```\nvar sensit = new Sensit("your_token_here");\n```\n\n### Requests\n\n> For more informations about request responses, read the [official documentation](https://api.sensit.io/v1/)\n\n#### Get all devices\n\n```\nsensit.getAllDevices();\n```\n\n__Exemple__\n\n```\nsensit.getAllDevices().then(function (json) {\n\tconsole.log(json);\n}).fail(function (json) {\n\tconsole.log(\'Error!\');\n});\n```\n\n#### Get specific device\n\n```\nsensit.getDevice(id_device);\n```\n\n__Exemple__\n\n```\nsensit.getDevice(1).then(function (json) {\n\tconsole.log(json);\n}).fail(function (json) {\n\tconsole.log(\'Error!\');\n});\n```\n\n#### Get all sensors\n\n```\nsensit.getAllSensors(id_device);\n```\n\n__Exemple__\n\n```\nsensit.getAllSensors(1).then(function (json) {\n\tconsole.log(json);\n}).fail(function (json) {\n\tconsole.log(\'Error!\');\n});\n```\n\n#### Get specific sensor\n\n```\nsensit.getSensor(id_device, id_sensor);\n```\n\n__Exemple__\n\n```\nsensit.getSensor(1, 2).then(function (json) {\n\tconsole.log(json);\n}).fail(function (json) {\n\tconsole.log(\'Error!\');\n});\n```\n\n## Author\n\n* Email: [sebastien.decamme@gmail.com](mailto:sebastien.decamme@gmail.com)\n* Twitter: [@sdecamme](https://twitter.com/sdecamme)\n* Website: [http://sebastiendecamme.fr](http://sebastiendecamme.fr)\n\n\n## Copyright and license\n\nCopyright 2014-2015 Sébastien Decamme. Released under [MIT](http://opensource.org/licenses/MIT).',
17 silly publish   readmeFilename: 'README.md',
17 silly publish   gitHead: '672e6827de4088d2157e6a87dc26b464df00f240',
17 silly publish   _id: 'node-sensit@1.0.0',
17 silly publish   _shasum: '84ef1a128a376a7d9079aa72a4d4e09744298a5c',
17 silly publish   _from: '.' }
18 verbose getPublishConfig undefined
19 silly mapToRegistry name node-sensit
20 silly mapToRegistry using default registry
21 silly mapToRegistry registry https://registry.npmjs.org/
22 silly mapToRegistry uri https://registry.npmjs.org/node-sensit
23 verbose publish registryBase https://registry.npmjs.org/
24 silly publish uploading /Users/sebastien/.npm/node-sensit/1.0.0/package.tgz
25 verbose request uri https://registry.npmjs.org/node-sensit
26 verbose request sending authorization for write operation
27 info attempt registry request try #1 at 23:30:49
28 verbose request using bearer token for auth
29 verbose request id 7e56de0ea779e5ce
30 http request PUT https://registry.npmjs.org/node-sensit
31 http 403 https://registry.npmjs.org/node-sensit
32 verbose headers { 'content-type': 'application/json',
32 verbose headers   'cache-control': 'max-age=60',
32 verbose headers   'content-length': '128',
32 verbose headers   'accept-ranges': 'bytes',
32 verbose headers   date: 'Tue, 25 Aug 2015 21:30:50 GMT',
32 verbose headers   via: '1.1 varnish',
32 verbose headers   connection: 'keep-alive',
32 verbose headers   'x-served-by': 'cache-fra1234-FRA',
32 verbose headers   'x-cache': 'MISS',
32 verbose headers   'x-cache-hits': '0',
32 verbose headers   'x-timer': 'S1440538249.742265,VS0,VE735' }
33 verbose request invalidating /Users/sebastien/.npm/registry.npmjs.org/node-sensit on PUT
34 error publish Failed PUT 403
35 verbose stack Error: "You cannot publish over the previously published version 1.0.0. Try bumping the version to 2.0.0" : node-sensit
35 verbose stack     at CachingRegistryClient.<anonymous> (/usr/local/lib/node_modules/npm/node_modules/npm-registry-client/lib/request.js:247:14)
35 verbose stack     at Request._callback (/usr/local/lib/node_modules/npm/node_modules/npm-registry-client/lib/request.js:170:14)
35 verbose stack     at Request.self.callback (/usr/local/lib/node_modules/npm/node_modules/request/request.js:354:22)
35 verbose stack     at Request.emit (events.js:110:17)
35 verbose stack     at Request.<anonymous> (/usr/local/lib/node_modules/npm/node_modules/request/request.js:1207:14)
35 verbose stack     at Request.emit (events.js:129:20)
35 verbose stack     at IncomingMessage.<anonymous> (/usr/local/lib/node_modules/npm/node_modules/request/request.js:1153:12)
35 verbose stack     at IncomingMessage.emit (events.js:129:20)
35 verbose stack     at _stream_readable.js:908:16
35 verbose stack     at process._tickCallback (node.js:355:11)
36 verbose statusCode 403
37 verbose pkgid node-sensit
38 verbose cwd /Users/sebastien/www/node-sensit
39 error Darwin 14.5.0
40 error argv "/usr/local/bin/node" "/usr/local/bin/npm" "publish"
41 error node v0.12.7
42 error npm  v2.11.3
43 error code E403
44 error "You cannot publish over the previously published version 1.0.0. Try bumping the version to 2.0.0" : node-sensit
45 error If you need help, you may report this error at:
45 error     <https://github.com/npm/npm/issues>
46 verbose exit [ 1, true ]
